[26-Jan-2021 08:36:04 UTC] PHP Fatal error:  Uncaught Error: Class 'RTHEME\Inc\RTHEME' not found in /var/www/wp-dev/wp-content/themes/rtheme/functions.php:17
Stack trace:
#0 /var/www/wp-dev/wp-content/themes/rtheme/functions.php(20): rtheme_get_instance()
#1 /var/www/wp-dev/wp-settings.php(525): include('/var/www/wp-dev...')
#2 /var/www/wp-dev/wp-config.php(92): require_once('/var/www/wp-dev...')
#3 /var/www/wp-dev/wp-load.php(37): require_once('/var/www/wp-dev...')
#4 /var/www/wp-dev/wp-admin/admin.php(34): require_once('/var/www/wp-dev...')
#5 /var/www/wp-dev/wp-admin/themes.php(10): require_once('/var/www/wp-dev...')
#6 {main}
  thrown in /var/www/wp-dev/wp-content/themes/rtheme/functions.php on line 17
[26-Jan-2021 08:42:55 UTC] PHP Fatal error:  Uncaught Error: Class 'Rtheme\Inc\Rtheme' not found in /var/www/wp-dev/wp-content/themes/rtheme/functions.php:17
Stack trace:
#0 /var/www/wp-dev/wp-content/themes/rtheme/functions.php(20): rtheme_get_instance()
#1 /var/www/wp-dev/wp-settings.php(525): include('/var/www/wp-dev...')
#2 /var/www/wp-dev/wp-config.php(92): require_once('/var/www/wp-dev...')
#3 /var/www/wp-dev/wp-load.php(37): require_once('/var/www/wp-dev...')
#4 /var/www/wp-dev/wp-admin/admin.php(34): require_once('/var/www/wp-dev...')
#5 /var/www/wp-dev/wp-admin/themes.php(10): require_once('/var/www/wp-dev...')
#6 {main}
  thrown in /var/www/wp-dev/wp-content/themes/rtheme/functions.php on line 17
[26-Jan-2021 17:16:03 UTC] PHP Fatal error:  Uncaught Error: Class 'Rtheme\Inc\Rtheme' not found in /var/www/wp-dev/wp-content/themes/rtheme/functions.php:17
Stack trace:
#0 /var/www/wp-dev/wp-content/themes/rtheme/functions.php(20): rtheme_get_instance()
#1 /var/www/wp-dev/wp-settings.php(525): include('/var/www/wp-dev...')
#2 /var/www/wp-dev/wp-config.php(92): require_once('/var/www/wp-dev...')
#3 /var/www/wp-dev/wp-load.php(37): require_once('/var/www/wp-dev...')
#4 /var/www/wp-dev/wp-admin/admin.php(34): require_once('/var/www/wp-dev...')
#5 /var/www/wp-dev/wp-admin/themes.php(10): require_once('/var/www/wp-dev...')
#6 {main}
  thrown in /var/www/wp-dev/wp-content/themes/rtheme/functions.php on line 17
[26-Jan-2021 17:20:53 UTC] PHP Fatal error:  Uncaught Error: Class 'Rtheme\Inc\Rtheme' not found in /var/www/wp-dev/wp-content/themes/rtheme/functions.php:17
Stack trace:
#0 /var/www/wp-dev/wp-content/themes/rtheme/functions.php(20): rtheme_get_instance()
#1 /var/www/wp-dev/wp-settings.php(525): include('/var/www/wp-dev...')
#2 /var/www/wp-dev/wp-config.php(92): require_once('/var/www/wp-dev...')
#3 /var/www/wp-dev/wp-load.php(37): require_once('/var/www/wp-dev...')
#4 /var/www/wp-dev/wp-admin/admin.php(34): require_once('/var/www/wp-dev...')
#5 /var/www/wp-dev/wp-admin/themes.php(10): require_once('/var/www/wp-dev...')
#6 {main}
  thrown in /var/www/wp-dev/wp-content/themes/rtheme/functions.php on line 17
[26-Jan-2021 17:21:08 UTC] PHP Fatal error:  Uncaught Error: Class 'Rtheme\Inc\Rtheme' not found in /var/www/wp-dev/wp-content/themes/rtheme/functions.php:17
Stack trace:
#0 /var/www/wp-dev/wp-content/themes/rtheme/functions.php(20): rtheme_get_instance()
#1 /var/www/wp-dev/wp-settings.php(525): include('/var/www/wp-dev...')
#2 /var/www/wp-dev/wp-config.php(92): require_once('/var/www/wp-dev...')
#3 /var/www/wp-dev/wp-load.php(37): require_once('/var/www/wp-dev...')
#4 /var/www/wp-dev/wp-admin/admin.php(34): require_once('/var/www/wp-dev...')
#5 /var/www/wp-dev/wp-admin/themes.php(10): require_once('/var/www/wp-dev...')
#6 {main}
  thrown in /var/www/wp-dev/wp-content/themes/rtheme/functions.php on line 17
[26-Jan-2021 17:22:17 UTC] PHP Fatal error:  Uncaught Error: Class 'Rtheme\Inc\Rtheme' not found in /var/www/wp-dev/wp-content/themes/rtheme/functions.php:17
Stack trace:
#0 /var/www/wp-dev/wp-content/themes/rtheme/functions.php(20): rtheme_get_instance()
#1 /var/www/wp-dev/wp-settings.php(525): include('/var/www/wp-dev...')
#2 /var/www/wp-dev/wp-config.php(92): require_once('/var/www/wp-dev...')
#3 /var/www/wp-dev/wp-load.php(37): require_once('/var/www/wp-dev...')
#4 /var/www/wp-dev/wp-admin/admin.php(34): require_once('/var/www/wp-dev...')
#5 /var/www/wp-dev/wp-admin/themes.php(10): require_once('/var/www/wp-dev...')
#6 {main}
  thrown in /var/www/wp-dev/wp-content/themes/rtheme/functions.php on line 17
[26-Jan-2021 17:23:19 UTC] PHP Fatal error:  Uncaught Error: Class 'Rtheme\Inc\Rtheme' not found in /var/www/wp-dev/wp-content/themes/rtheme/functions.php:17
Stack trace:
#0 /var/www/wp-dev/wp-content/themes/rtheme/functions.php(20): rtheme_get_instance()
#1 /var/www/wp-dev/wp-settings.php(525): include('/var/www/wp-dev...')
#2 /var/www/wp-dev/wp-config.php(92): require_once('/var/www/wp-dev...')
#3 /var/www/wp-dev/wp-load.php(37): require_once('/var/www/wp-dev...')
#4 /var/www/wp-dev/wp-admin/admin.php(34): require_once('/var/www/wp-dev...')
#5 /var/www/wp-dev/wp-admin/themes.php(10): require_once('/var/www/wp-dev...')
#6 {main}
  thrown in /var/www/wp-dev/wp-content/themes/rtheme/functions.php on line 17
[26-Jan-2021 17:23:58 UTC] PHP Fatal error:  Uncaught Error: Class 'Rtheme\Inc\Rtheme' not found in /var/www/wp-dev/wp-content/themes/rtheme/functions.php:17
Stack trace:
#0 /var/www/wp-dev/wp-content/themes/rtheme/functions.php(20): rtheme_get_instance()
#1 /var/www/wp-dev/wp-settings.php(525): include('/var/www/wp-dev...')
#2 /var/www/wp-dev/wp-config.php(92): require_once('/var/www/wp-dev...')
#3 /var/www/wp-dev/wp-load.php(37): require_once('/var/www/wp-dev...')
#4 /var/www/wp-dev/wp-admin/admin.php(34): require_once('/var/www/wp-dev...')
#5 /var/www/wp-dev/wp-admin/themes.php(10): require_once('/var/www/wp-dev...')
#6 {main}
  thrown in /var/www/wp-dev/wp-content/themes/rtheme/functions.php on line 17
[26-Jan-2021 17:28:35 UTC] PHP Fatal error:  Uncaught Error: Class 'Rtheme\Inc\Rtheme' not found in /var/www/wp-dev/wp-content/themes/rtheme/functions.php:17
Stack trace:
#0 /var/www/wp-dev/wp-content/themes/rtheme/functions.php(20): rtheme_get_instance()
#1 /var/www/wp-dev/wp-settings.php(525): include('/var/www/wp-dev...')
#2 /var/www/wp-dev/wp-config.php(92): require_once('/var/www/wp-dev...')
#3 /var/www/wp-dev/wp-load.php(37): require_once('/var/www/wp-dev...')
#4 /var/www/wp-dev/wp-admin/admin.php(34): require_once('/var/www/wp-dev...')
#5 /var/www/wp-dev/wp-admin/themes.php(10): require_once('/var/www/wp-dev...')
#6 {main}
  thrown in /var/www/wp-dev/wp-content/themes/rtheme/functions.php on line 17
[26-Jan-2021 17:33:34 UTC] PHP Fatal error:  Uncaught Error: Class 'Rtheme\Inc\Rtheme' not found in /var/www/wp-dev/wp-content/themes/rtheme/functions.php:17
Stack trace:
#0 /var/www/wp-dev/wp-content/themes/rtheme/functions.php(20): rtheme_get_instance()
#1 /var/www/wp-dev/wp-settings.php(525): include('/var/www/wp-dev...')
#2 /var/www/wp-dev/wp-config.php(92): require_once('/var/www/wp-dev...')
#3 /var/www/wp-dev/wp-load.php(37): require_once('/var/www/wp-dev...')
#4 /var/www/wp-dev/wp-admin/admin.php(34): require_once('/var/www/wp-dev...')
#5 /var/www/wp-dev/wp-admin/themes.php(10): require_once('/var/www/wp-dev...')
#6 {main}
  thrown in /var/www/wp-dev/wp-content/themes/rtheme/functions.php on line 17
[26-Jan-2021 17:35:16 UTC] PHP Fatal error:  Uncaught Error: Class 'Rtheme\Inc\Rtheme' not found in /var/www/wp-dev/wp-content/themes/rtheme/functions.php:17
Stack trace:
#0 /var/www/wp-dev/wp-content/themes/rtheme/functions.php(20): rtheme_get_instance()
#1 /var/www/wp-dev/wp-settings.php(525): include('/var/www/wp-dev...')
#2 /var/www/wp-dev/wp-config.php(92): require_once('/var/www/wp-dev...')
#3 /var/www/wp-dev/wp-load.php(37): require_once('/var/www/wp-dev...')
#4 /var/www/wp-dev/wp-admin/admin.php(34): require_once('/var/www/wp-dev...')
#5 /var/www/wp-dev/wp-admin/themes.php(10): require_once('/var/www/wp-dev...')
#6 {main}
  thrown in /var/www/wp-dev/wp-content/themes/rtheme/functions.php on line 17
[26-Jan-2021 17:35:44 UTC] PHP Fatal error:  Uncaught Error: Class 'Rtheme\Inc\Rtheme' not found in /var/www/wp-dev/wp-content/themes/rtheme/functions.php:17
Stack trace:
#0 /var/www/wp-dev/wp-content/themes/rtheme/functions.php(20): rtheme_get_theme_instance()
#1 /var/www/wp-dev/wp-settings.php(525): include('/var/www/wp-dev...')
#2 /var/www/wp-dev/wp-config.php(92): require_once('/var/www/wp-dev...')
#3 /var/www/wp-dev/wp-load.php(37): require_once('/var/www/wp-dev...')
#4 /var/www/wp-dev/wp-admin/admin.php(34): require_once('/var/www/wp-dev...')
#5 /var/www/wp-dev/wp-admin/themes.php(10): require_once('/var/www/wp-dev...')
#6 {main}
  thrown in /var/www/wp-dev/wp-content/themes/rtheme/functions.php on line 17
[26-Jan-2021 17:36:29 UTC] PHP Fatal error:  Uncaught Error: Class 'Rtheme\Inc\Rtheme' not found in /var/www/wp-dev/wp-content/themes/rtheme/functions.php:16
Stack trace:
#0 /var/www/wp-dev/wp-content/themes/rtheme/functions.php(19): rtheme_get_theme_instance()
#1 /var/www/wp-dev/wp-settings.php(525): include('/var/www/wp-dev...')
#2 /var/www/wp-dev/wp-config.php(92): require_once('/var/www/wp-dev...')
#3 /var/www/wp-dev/wp-load.php(37): require_once('/var/www/wp-dev...')
#4 /var/www/wp-dev/wp-admin/admin.php(34): require_once('/var/www/wp-dev...')
#5 /var/www/wp-dev/wp-admin/themes.php(10): require_once('/var/www/wp-dev...')
#6 {main}
  thrown in /var/www/wp-dev/wp-content/themes/rtheme/functions.php on line 16
[26-Jan-2021 17:36:44 UTC] PHP Fatal error:  Uncaught Error: Class 'Rtheme\Inc\Rtheme' not found in /var/www/wp-dev/wp-content/themes/rtheme/functions.php:16
Stack trace:
#0 /var/www/wp-dev/wp-content/themes/rtheme/functions.php(19): rtheme_get_theme_instance()
#1 /var/www/wp-dev/wp-settings.php(525): include('/var/www/wp-dev...')
#2 /var/www/wp-dev/wp-config.php(92): require_once('/var/www/wp-dev...')
#3 /var/www/wp-dev/wp-load.php(37): require_once('/var/www/wp-dev...')
#4 /var/www/wp-dev/wp-blog-header.php(13): require_once('/var/www/wp-dev...')
#5 /var/www/wp-dev/index.php(17): require('/var/www/wp-dev...')
#6 {main}
  thrown in /var/www/wp-dev/wp-content/themes/rtheme/functions.php on line 16
[26-Jan-2021 17:59:39 UTC] PHP Fatal error:  Uncaught Error: Class 'Rtheme\Inc\Rtheme' not found in /var/www/wp-dev/wp-content/themes/rtheme/functions.php:17
Stack trace:
#0 /var/www/wp-dev/wp-content/themes/rtheme/functions.php(20): rtheme_get_theme_instance()
#1 /var/www/wp-dev/wp-settings.php(525): include('/var/www/wp-dev...')
#2 /var/www/wp-dev/wp-config.php(92): require_once('/var/www/wp-dev...')
#3 /var/www/wp-dev/wp-load.php(37): require_once('/var/www/wp-dev...')
#4 /var/www/wp-dev/wp-blog-header.php(13): require_once('/var/www/wp-dev...')
#5 /var/www/wp-dev/index.php(17): require('/var/www/wp-dev...')
#6 {main}
  thrown in /var/www/wp-dev/wp-content/themes/rtheme/functions.php on line 17
[26-Jan-2021 18:00:12 UTC] PHP Fatal error:  Uncaught Error: Class 'Rtheme\Inc\Rtheme' not found in /var/www/wp-dev/wp-content/themes/rtheme/functions.php:17
Stack trace:
#0 /var/www/wp-dev/wp-content/themes/rtheme/functions.php(20): rtheme_get_theme_instance()
#1 /var/www/wp-dev/wp-settings.php(525): include('/var/www/wp-dev...')
#2 /var/www/wp-dev/wp-config.php(92): require_once('/var/www/wp-dev...')
#3 /var/www/wp-dev/wp-load.php(37): require_once('/var/www/wp-dev...')
#4 /var/www/wp-dev/wp-blog-header.php(13): require_once('/var/www/wp-dev...')
#5 /var/www/wp-dev/index.php(17): require('/var/www/wp-dev...')
#6 {main}
  thrown in /var/www/wp-dev/wp-content/themes/rtheme/functions.php on line 17
[26-Jan-2021 18:00:31 UTC] PHP Fatal error:  Uncaught Error: Class 'Rtheme\Inc\Rtheme' not found in /var/www/wp-dev/wp-content/themes/rtheme/functions.php:16
Stack trace:
#0 /var/www/wp-dev/wp-content/themes/rtheme/functions.php(19): rtheme_get_theme_instance()
#1 /var/www/wp-dev/wp-settings.php(525): include('/var/www/wp-dev...')
#2 /var/www/wp-dev/wp-config.php(92): require_once('/var/www/wp-dev...')
#3 /var/www/wp-dev/wp-load.php(37): require_once('/var/www/wp-dev...')
#4 /var/www/wp-dev/wp-blog-header.php(13): require_once('/var/www/wp-dev...')
#5 /var/www/wp-dev/index.php(17): require('/var/www/wp-dev...')
#6 {main}
  thrown in /var/www/wp-dev/wp-content/themes/rtheme/functions.php on line 16
[26-Jan-2021 18:01:04 UTC] PHP Fatal error:  Uncaught Error: Class 'Rtheme\Inc\Rtheme' not found in /var/www/wp-dev/wp-content/themes/rtheme/functions.php:18
Stack trace:
#0 /var/www/wp-dev/wp-content/themes/rtheme/functions.php(21): rtheme_get_theme_instance()
#1 /var/www/wp-dev/wp-settings.php(525): include('/var/www/wp-dev...')
#2 /var/www/wp-dev/wp-config.php(92): require_once('/var/www/wp-dev...')
#3 /var/www/wp-dev/wp-load.php(37): require_once('/var/www/wp-dev...')
#4 /var/www/wp-dev/wp-blog-header.php(13): require_once('/var/www/wp-dev...')
#5 /var/www/wp-dev/index.php(17): require('/var/www/wp-dev...')
#6 {main}
  thrown in /var/www/wp-dev/wp-content/themes/rtheme/functions.php on line 18
[26-Jan-2021 18:01:21 UTC] PHP Fatal error:  Uncaught Error: Class 'Rtheme\Inc\Rtheme' not found in /var/www/wp-dev/wp-content/themes/rtheme/functions.php:17
Stack trace:
#0 /var/www/wp-dev/wp-content/themes/rtheme/functions.php(20): rtheme_get_theme_instance()
#1 /var/www/wp-dev/wp-settings.php(525): include('/var/www/wp-dev...')
#2 /var/www/wp-dev/wp-config.php(92): require_once('/var/www/wp-dev...')
#3 /var/www/wp-dev/wp-load.php(37): require_once('/var/www/wp-dev...')
#4 /var/www/wp-dev/wp-blog-header.php(13): require_once('/var/www/wp-dev...')
#5 /var/www/wp-dev/index.php(17): require('/var/www/wp-dev...')
#6 {main}
  thrown in /var/www/wp-dev/wp-content/themes/rtheme/functions.php on line 17
[26-Jan-2021 18:02:30 UTC] PHP Fatal error:  Uncaught Error: Class 'Rtheme\Inc\Rtheme' not found in /var/www/wp-dev/wp-content/themes/rtheme/functions.php:17
Stack trace:
#0 /var/www/wp-dev/wp-content/themes/rtheme/functions.php(20): rtheme_get_theme_instance()
#1 /var/www/wp-dev/wp-settings.php(525): include('/var/www/wp-dev...')
#2 /var/www/wp-dev/wp-config.php(92): require_once('/var/www/wp-dev...')
#3 /var/www/wp-dev/wp-load.php(37): require_once('/var/www/wp-dev...')
#4 /var/www/wp-dev/wp-blog-header.php(13): require_once('/var/www/wp-dev...')
#5 /var/www/wp-dev/index.php(17): require('/var/www/wp-dev...')
#6 {main}
  thrown in /var/www/wp-dev/wp-content/themes/rtheme/functions.php on line 17
[26-Jan-2021 18:03:09 UTC] PHP Fatal error:  Uncaught Error: Class 'Rtheme\Inc\Rtheme' not found in /var/www/wp-dev/wp-content/themes/rtheme/functions.php:17
Stack trace:
#0 /var/www/wp-dev/wp-content/themes/rtheme/functions.php(20): rtheme_get_theme_instance()
#1 /var/www/wp-dev/wp-settings.php(525): include('/var/www/wp-dev...')
#2 /var/www/wp-dev/wp-config.php(92): require_once('/var/www/wp-dev...')
#3 /var/www/wp-dev/wp-load.php(37): require_once('/var/www/wp-dev...')
#4 /var/www/wp-dev/wp-blog-header.php(13): require_once('/var/www/wp-dev...')
#5 /var/www/wp-dev/index.php(17): require('/var/www/wp-dev...')
#6 {main}
  thrown in /var/www/wp-dev/wp-content/themes/rtheme/functions.php on line 17
[26-Jan-2021 18:05:47 UTC] PHP Fatal error:  Uncaught Error: Class 'Rtheme\Inc\Rtheme' not found in /var/www/wp-dev/wp-content/themes/rtheme/functions.php:17
Stack trace:
#0 /var/www/wp-dev/wp-content/themes/rtheme/functions.php(20): rtheme_get_theme_instance()
#1 /var/www/wp-dev/wp-settings.php(525): include('/var/www/wp-dev...')
#2 /var/www/wp-dev/wp-config.php(92): require_once('/var/www/wp-dev...')
#3 /var/www/wp-dev/wp-load.php(37): require_once('/var/www/wp-dev...')
#4 /var/www/wp-dev/wp-blog-header.php(13): require_once('/var/www/wp-dev...')
#5 /var/www/wp-dev/index.php(17): require('/var/www/wp-dev...')
#6 {main}
  thrown in /var/www/wp-dev/wp-content/themes/rtheme/functions.php on line 17
[26-Jan-2021 18:06:42 UTC] PHP Fatal error:  Uncaught Error: Class 'Rtheme\Inc\Rtheme' not found in /var/www/wp-dev/wp-content/themes/rtheme/functions.php:17
Stack trace:
#0 /var/www/wp-dev/wp-content/themes/rtheme/functions.php(20): rtheme_get_theme_instance()
#1 /var/www/wp-dev/wp-settings.php(525): include('/var/www/wp-dev...')
#2 /var/www/wp-dev/wp-config.php(92): require_once('/var/www/wp-dev...')
#3 /var/www/wp-dev/wp-load.php(37): require_once('/var/www/wp-dev...')
#4 /var/www/wp-dev/wp-blog-header.php(13): require_once('/var/www/wp-dev...')
#5 /var/www/wp-dev/index.php(17): require('/var/www/wp-dev...')
#6 {main}
  thrown in /var/www/wp-dev/wp-content/themes/rtheme/functions.php on line 17
[26-Jan-2021 18:07:20 UTC] PHP Fatal error:  Uncaught Error: Class 'Rtheme\Inc\Rtheme' not found in /var/www/wp-dev/wp-content/themes/rtheme/functions.php:18
Stack trace:
#0 /var/www/wp-dev/wp-content/themes/rtheme/functions.php(21): rtheme_get_theme_instance()
#1 /var/www/wp-dev/wp-settings.php(525): include('/var/www/wp-dev...')
#2 /var/www/wp-dev/wp-config.php(92): require_once('/var/www/wp-dev...')
#3 /var/www/wp-dev/wp-load.php(37): require_once('/var/www/wp-dev...')
#4 /var/www/wp-dev/wp-blog-header.php(13): require_once('/var/www/wp-dev...')
#5 /var/www/wp-dev/index.php(17): require('/var/www/wp-dev...')
#6 {main}
  thrown in /var/www/wp-dev/wp-content/themes/rtheme/functions.php on line 18
[26-Jan-2021 18:07:45 UTC] PHP Fatal error:  Uncaught Error: Class 'Rtheme\Inc\Classes\Rtheme' not found in /var/www/wp-dev/wp-content/themes/rtheme/functions.php:17
Stack trace:
#0 /var/www/wp-dev/wp-content/themes/rtheme/functions.php(20): rtheme_get_theme_instance()
#1 /var/www/wp-dev/wp-settings.php(525): include('/var/www/wp-dev...')
#2 /var/www/wp-dev/wp-config.php(92): require_once('/var/www/wp-dev...')
#3 /var/www/wp-dev/wp-load.php(37): require_once('/var/www/wp-dev...')
#4 /var/www/wp-dev/wp-blog-header.php(13): require_once('/var/www/wp-dev...')
#5 /var/www/wp-dev/index.php(17): require('/var/www/wp-dev...')
#6 {main}
  thrown in /var/www/wp-dev/wp-content/themes/rtheme/functions.php on line 17
[26-Jan-2021 18:07:59 UTC] PHP Fatal error:  Uncaught Error: Class 'Rtheme\Inc' not found in /var/www/wp-dev/wp-content/themes/rtheme/functions.php:17
Stack trace:
#0 /var/www/wp-dev/wp-content/themes/rtheme/functions.php(20): rtheme_get_theme_instance()
#1 /var/www/wp-dev/wp-settings.php(525): include('/var/www/wp-dev...')
#2 /var/www/wp-dev/wp-config.php(92): require_once('/var/www/wp-dev...')
#3 /var/www/wp-dev/wp-load.php(37): require_once('/var/www/wp-dev...')
#4 /var/www/wp-dev/wp-blog-header.php(13): require_once('/var/www/wp-dev...')
#5 /var/www/wp-dev/index.php(17): require('/var/www/wp-dev...')
#6 {main}
  thrown in /var/www/wp-dev/wp-content/themes/rtheme/functions.php on line 17
[26-Jan-2021 18:08:29 UTC] PHP Fatal error:  Uncaught Error: Class 'Rtheme\Inc\Rtheme' not found in /var/www/wp-dev/wp-content/themes/rtheme/functions.php:17
Stack trace:
#0 /var/www/wp-dev/wp-content/themes/rtheme/functions.php(20): rtheme_get_theme_instance()
#1 /var/www/wp-dev/wp-settings.php(525): include('/var/www/wp-dev...')
#2 /var/www/wp-dev/wp-config.php(92): require_once('/var/www/wp-dev...')
#3 /var/www/wp-dev/wp-load.php(37): require_once('/var/www/wp-dev...')
#4 /var/www/wp-dev/wp-blog-header.php(13): require_once('/var/www/wp-dev...')
#5 /var/www/wp-dev/index.php(17): require('/var/www/wp-dev...')
#6 {main}
  thrown in /var/www/wp-dev/wp-content/themes/rtheme/functions.php on line 17
[26-Jan-2021 18:08:45 UTC] PHP Fatal error:  Uncaught Error: Class 'Rtheme\Inc\Rtheme' not found in /var/www/wp-dev/wp-content/themes/rtheme/functions.php:17
Stack trace:
#0 /var/www/wp-dev/wp-content/themes/rtheme/functions.php(20): rtheme_get_theme_instance()
#1 /var/www/wp-dev/wp-settings.php(525): include('/var/www/wp-dev...')
#2 /var/www/wp-dev/wp-config.php(92): require_once('/var/www/wp-dev...')
#3 /var/www/wp-dev/wp-load.php(37): require_once('/var/www/wp-dev...')
#4 /var/www/wp-dev/wp-blog-header.php(13): require_once('/var/www/wp-dev...')
#5 /var/www/wp-dev/index.php(17): require('/var/www/wp-dev...')
#6 {main}
  thrown in /var/www/wp-dev/wp-content/themes/rtheme/functions.php on line 17
[26-Jan-2021 18:49:11 UTC] PHP Fatal error:  Uncaught Error: Class 'Rtheme\Inc\Classes\Rtheme' not found in /var/www/wp-dev/wp-content/themes/rtheme/functions.php:17
Stack trace:
#0 /var/www/wp-dev/wp-content/themes/rtheme/functions.php(20): rtheme_get_theme_instance()
#1 /var/www/wp-dev/wp-settings.php(525): include('/var/www/wp-dev...')
#2 /var/www/wp-dev/wp-config.php(92): require_once('/var/www/wp-dev...')
#3 /var/www/wp-dev/wp-load.php(37): require_once('/var/www/wp-dev...')
#4 /var/www/wp-dev/wp-blog-header.php(13): require_once('/var/www/wp-dev...')
#5 /var/www/wp-dev/index.php(17): require('/var/www/wp-dev...')
#6 {main}
  thrown in /var/www/wp-dev/wp-content/themes/rtheme/functions.php on line 17
[26-Jan-2021 18:51:47 UTC] PHP Fatal error:  Uncaught Error: Class 'Rtheme\Inc\Rtheme' not found in /var/www/wp-dev/wp-content/themes/rtheme/functions.php:17
Stack trace:
#0 /var/www/wp-dev/wp-content/themes/rtheme/functions.php(20): rtheme_get_theme_instance()
#1 /var/www/wp-dev/wp-settings.php(525): include('/var/www/wp-dev...')
#2 /var/www/wp-dev/wp-config.php(92): require_once('/var/www/wp-dev...')
#3 /var/www/wp-dev/wp-load.php(37): require_once('/var/www/wp-dev...')
#4 /var/www/wp-dev/wp-blog-header.php(13): require_once('/var/www/wp-dev...')
#5 /var/www/wp-dev/index.php(17): require('/var/www/wp-dev...')
#6 {main}
  thrown in /var/www/wp-dev/wp-content/themes/rtheme/functions.php on line 17
[26-Jan-2021 18:52:05 UTC] PHP Fatal error:  Uncaught Error: Class 'Rtheme\Inc\Rtheme' not found in /var/www/wp-dev/wp-content/themes/rtheme/functions.php:17
Stack trace:
#0 /var/www/wp-dev/wp-content/themes/rtheme/functions.php(20): rtheme_get_theme_instance()
#1 /var/www/wp-dev/wp-settings.php(525): include('/var/www/wp-dev...')
#2 /var/www/wp-dev/wp-config.php(92): require_once('/var/www/wp-dev...')
#3 /var/www/wp-dev/wp-load.php(37): require_once('/var/www/wp-dev...')
#4 /var/www/wp-dev/wp-blog-header.php(13): require_once('/var/www/wp-dev...')
#5 /var/www/wp-dev/index.php(17): require('/var/www/wp-dev...')
#6 {main}
  thrown in /var/www/wp-dev/wp-content/themes/rtheme/functions.php on line 17
[26-Jan-2021 19:15:29 UTC] PHP Fatal error:  Uncaught LogicException: Function 'autoloader' not found (function 'autoloader' not found or invalid function name) in /var/www/wp-dev/wp-content/themes/rtheme/inc/helpers/autoloader.php:87
Stack trace:
#0 /var/www/wp-dev/wp-content/themes/rtheme/inc/helpers/autoloader.php(87): spl_autoload_register('autoloader')
#1 /var/www/wp-dev/wp-content/themes/rtheme/functions.php(14): require_once('/var/www/wp-dev...')
#2 /var/www/wp-dev/wp-settings.php(525): include('/var/www/wp-dev...')
#3 /var/www/wp-dev/wp-config.php(92): require_once('/var/www/wp-dev...')
#4 /var/www/wp-dev/wp-load.php(37): require_once('/var/www/wp-dev...')
#5 /var/www/wp-dev/wp-blog-header.php(13): require_once('/var/www/wp-dev...')
#6 /var/www/wp-dev/index.php(17): require('/var/www/wp-dev...')
#7 {main}
  thrown in /var/www/wp-dev/wp-content/themes/rtheme/inc/helpers/autoloader.php on line 87
[26-Jan-2021 19:16:15 UTC] PHP Fatal error:  Uncaught LogicException: Function 'autoloader' not found (function 'autoloader' not found or invalid function name) in /var/www/wp-dev/wp-content/themes/rtheme/inc/helpers/autoloader.php:87
Stack trace:
#0 /var/www/wp-dev/wp-content/themes/rtheme/inc/helpers/autoloader.php(87): spl_autoload_register('autoloader')
#1 /var/www/wp-dev/wp-content/themes/rtheme/functions.php(14): require_once('/var/www/wp-dev...')
#2 /var/www/wp-dev/wp-settings.php(525): include('/var/www/wp-dev...')
#3 /var/www/wp-dev/wp-config.php(92): require_once('/var/www/wp-dev...')
#4 /var/www/wp-dev/wp-load.php(37): require_once('/var/www/wp-dev...')
#5 /var/www/wp-dev/wp-blog-header.php(13): require_once('/var/www/wp-dev...')
#6 /var/www/wp-dev/index.php(17): require('/var/www/wp-dev...')
#7 {main}
  thrown in /var/www/wp-dev/wp-content/themes/rtheme/inc/helpers/autoloader.php on line 87
[26-Jan-2021 19:16:28 UTC] PHP Fatal error:  Uncaught Error: Class 'Rtheme\Inc\Rtheme' not found in /var/www/wp-dev/wp-content/themes/rtheme/functions.php:17
Stack trace:
#0 /var/www/wp-dev/wp-content/themes/rtheme/functions.php(20): rtheme_get_theme_instance()
#1 /var/www/wp-dev/wp-settings.php(525): include('/var/www/wp-dev...')
#2 /var/www/wp-dev/wp-config.php(92): require_once('/var/www/wp-dev...')
#3 /var/www/wp-dev/wp-load.php(37): require_once('/var/www/wp-dev...')
#4 /var/www/wp-dev/wp-blog-header.php(13): require_once('/var/www/wp-dev...')
#5 /var/www/wp-dev/index.php(17): require('/var/www/wp-dev...')
#6 {main}
  thrown in /var/www/wp-dev/wp-content/themes/rtheme/functions.php on line 17
[26-Jan-2021 19:17:19 UTC] PHP Fatal error:  Uncaught Error: Class 'Rtheme\Inc\Rtheme' not found in /var/www/wp-dev/wp-content/themes/rtheme/functions.php:17
Stack trace:
#0 /var/www/wp-dev/wp-content/themes/rtheme/functions.php(20): rtheme_get_theme_instance()
#1 /var/www/wp-dev/wp-settings.php(525): include('/var/www/wp-dev...')
#2 /var/www/wp-dev/wp-config.php(92): require_once('/var/www/wp-dev...')
#3 /var/www/wp-dev/wp-load.php(37): require_once('/var/www/wp-dev...')
#4 /var/www/wp-dev/wp-blog-header.php(13): require_once('/var/www/wp-dev...')
#5 /var/www/wp-dev/index.php(17): require('/var/www/wp-dev...')
#6 {main}
  thrown in /var/www/wp-dev/wp-content/themes/rtheme/functions.php on line 17
[26-Jan-2021 19:19:06 UTC] PHP Fatal error:  Uncaught Error: Class 'Rtheme\Inc\Rtheme' not found in /var/www/wp-dev/wp-content/themes/rtheme/functions.php:17
Stack trace:
#0 /var/www/wp-dev/wp-content/themes/rtheme/functions.php(20): rtheme_get_theme_instance()
#1 /var/www/wp-dev/wp-settings.php(525): include('/var/www/wp-dev...')
#2 /var/www/wp-dev/wp-config.php(92): require_once('/var/www/wp-dev...')
#3 /var/www/wp-dev/wp-load.php(37): require_once('/var/www/wp-dev...')
#4 /var/www/wp-dev/wp-blog-header.php(13): require_once('/var/www/wp-dev...')
#5 /var/www/wp-dev/index.php(17): require('/var/www/wp-dev...')
#6 {main}
  thrown in /var/www/wp-dev/wp-content/themes/rtheme/functions.php on line 17
[26-Jan-2021 19:19:48 UTC] PHP Fatal error:  Uncaught Error: Class 'Rtheme\Inc\Rtheme' not found in /var/www/wp-dev/wp-content/themes/rtheme/functions.php:17
Stack trace:
#0 /var/www/wp-dev/wp-content/themes/rtheme/functions.php(20): rtheme_get_theme_instance()
#1 /var/www/wp-dev/wp-settings.php(525): include('/var/www/wp-dev...')
#2 /var/www/wp-dev/wp-config.php(92): require_once('/var/www/wp-dev...')
#3 /var/www/wp-dev/wp-load.php(37): require_once('/var/www/wp-dev...')
#4 /var/www/wp-dev/wp-blog-header.php(13): require_once('/var/www/wp-dev...')
#5 /var/www/wp-dev/index.php(17): require('/var/www/wp-dev...')
#6 {main}
  thrown in /var/www/wp-dev/wp-content/themes/rtheme/functions.php on line 17
[26-Jan-2021 19:20:29 UTC] PHP Fatal error:  Uncaught Error: Class 'Rtheme\Inc\Rtheme' not found in /var/www/wp-dev/wp-content/themes/rtheme/functions.php:17
Stack trace:
#0 /var/www/wp-dev/wp-content/themes/rtheme/functions.php(20): rtheme_get_theme_instance()
#1 /var/www/wp-dev/wp-settings.php(525): include('/var/www/wp-dev...')
#2 /var/www/wp-dev/wp-config.php(92): require_once('/var/www/wp-dev...')
#3 /var/www/wp-dev/wp-load.php(37): require_once('/var/www/wp-dev...')
#4 /var/www/wp-dev/wp-blog-header.php(13): require_once('/var/www/wp-dev...')
#5 /var/www/wp-dev/index.php(17): require('/var/www/wp-dev...')
#6 {main}
  thrown in /var/www/wp-dev/wp-content/themes/rtheme/functions.php on line 17
[26-Jan-2021 19:20:40 UTC] PHP Fatal error:  Uncaught Error: Class 'Rtheme\Inc\Rtheme' not found in /var/www/wp-dev/wp-content/themes/rtheme/functions.php:17
Stack trace:
#0 /var/www/wp-dev/wp-content/themes/rtheme/functions.php(20): rtheme_get_theme_instance()
#1 /var/www/wp-dev/wp-settings.php(525): include('/var/www/wp-dev...')
#2 /var/www/wp-dev/wp-config.php(92): require_once('/var/www/wp-dev...')
#3 /var/www/wp-dev/wp-load.php(37): require_once('/var/www/wp-dev...')
#4 /var/www/wp-dev/wp-blog-header.php(13): require_once('/var/www/wp-dev...')
#5 /var/www/wp-dev/index.php(17): require('/var/www/wp-dev...')
#6 {main}
  thrown in /var/www/wp-dev/wp-content/themes/rtheme/functions.php on line 17
[26-Jan-2021 19:21:40 UTC] PHP Fatal error:  Uncaught Error: Class 'Rtheme\Inc\Rtheme' not found in /var/www/wp-dev/wp-content/themes/rtheme/functions.php:17
Stack trace:
#0 /var/www/wp-dev/wp-content/themes/rtheme/functions.php(20): rtheme_get_theme_instance()
#1 /var/www/wp-dev/wp-settings.php(525): include('/var/www/wp-dev...')
#2 /var/www/wp-dev/wp-config.php(92): require_once('/var/www/wp-dev...')
#3 /var/www/wp-dev/wp-load.php(37): require_once('/var/www/wp-dev...')
#4 /var/www/wp-dev/wp-blog-header.php(13): require_once('/var/www/wp-dev...')
#5 /var/www/wp-dev/index.php(17): require('/var/www/wp-dev...')
#6 {main}
  thrown in /var/www/wp-dev/wp-content/themes/rtheme/functions.php on line 17
[26-Jan-2021 19:21:49 UTC] PHP Fatal error:  Uncaught Error: Class 'Rtheme\Inc\Rtheme' not found in /var/www/wp-dev/wp-content/themes/rtheme/functions.php:17
Stack trace:
#0 /var/www/wp-dev/wp-content/themes/rtheme/functions.php(20): rtheme_get_theme_instance()
#1 /var/www/wp-dev/wp-settings.php(525): include('/var/www/wp-dev...')
#2 /var/www/wp-dev/wp-config.php(92): require_once('/var/www/wp-dev...')
#3 /var/www/wp-dev/wp-load.php(37): require_once('/var/www/wp-dev...')
#4 /var/www/wp-dev/wp-blog-header.php(13): require_once('/var/www/wp-dev...')
#5 /var/www/wp-dev/index.php(17): require('/var/www/wp-dev...')
#6 {main}
  thrown in /var/www/wp-dev/wp-content/themes/rtheme/functions.php on line 17
[26-Jan-2021 19:22:09 UTC] PHP Fatal error:  Uncaught Error: Class 'Rtheme\Inc\Rtheme' not found in /var/www/wp-dev/wp-content/themes/rtheme/functions.php:17
Stack trace:
#0 /var/www/wp-dev/wp-content/themes/rtheme/functions.php(20): rtheme_get_theme_instance()
#1 /var/www/wp-dev/wp-settings.php(525): include('/var/www/wp-dev...')
#2 /var/www/wp-dev/wp-config.php(92): require_once('/var/www/wp-dev...')
#3 /var/www/wp-dev/wp-load.php(37): require_once('/var/www/wp-dev...')
#4 /var/www/wp-dev/wp-blog-header.php(13): require_once('/var/www/wp-dev...')
#5 /var/www/wp-dev/index.php(17): require('/var/www/wp-dev...')
#6 {main}
  thrown in /var/www/wp-dev/wp-content/themes/rtheme/functions.php on line 17
[26-Jan-2021 19:22:20 UTC] PHP Fatal error:  Uncaught Error: Class 'Rtheme\Inc\Rtheme' not found in /var/www/wp-dev/wp-content/themes/rtheme/functions.php:17
Stack trace:
#0 /var/www/wp-dev/wp-content/themes/rtheme/functions.php(20): rtheme_get_theme_instance()
#1 /var/www/wp-dev/wp-settings.php(525): include('/var/www/wp-dev...')
#2 /var/www/wp-dev/wp-config.php(92): require_once('/var/www/wp-dev...')
#3 /var/www/wp-dev/wp-load.php(37): require_once('/var/www/wp-dev...')
#4 /var/www/wp-dev/wp-blog-header.php(13): require_once('/var/www/wp-dev...')
#5 /var/www/wp-dev/index.php(17): require('/var/www/wp-dev...')
#6 {main}
  thrown in /var/www/wp-dev/wp-content/themes/rtheme/functions.php on line 17
[26-Jan-2021 19:22:42 UTC] PHP Fatal error:  Uncaught Error: Class 'Rtheme\Inc\Rtheme' not found in /var/www/wp-dev/wp-content/themes/rtheme/functions.php:17
Stack trace:
#0 /var/www/wp-dev/wp-content/themes/rtheme/functions.php(20): rtheme_get_theme_instance()
#1 /var/www/wp-dev/wp-settings.php(525): include('/var/www/wp-dev...')
#2 /var/www/wp-dev/wp-config.php(92): require_once('/var/www/wp-dev...')
#3 /var/www/wp-dev/wp-load.php(37): require_once('/var/www/wp-dev...')
#4 /var/www/wp-dev/wp-blog-header.php(13): require_once('/var/www/wp-dev...')
#5 /var/www/wp-dev/index.php(17): require('/var/www/wp-dev...')
#6 {main}
  thrown in /var/www/wp-dev/wp-content/themes/rtheme/functions.php on line 17
[26-Jan-2021 19:23:01 UTC] PHP Fatal error:  Uncaught Error: Class 'Rtheme\Inc\Rtheme' not found in /var/www/wp-dev/wp-content/themes/rtheme/functions.php:17
Stack trace:
#0 /var/www/wp-dev/wp-content/themes/rtheme/functions.php(20): rtheme_get_theme_instance()
#1 /var/www/wp-dev/wp-settings.php(525): include('/var/www/wp-dev...')
#2 /var/www/wp-dev/wp-config.php(92): require_once('/var/www/wp-dev...')
#3 /var/www/wp-dev/wp-load.php(37): require_once('/var/www/wp-dev...')
#4 /var/www/wp-dev/wp-blog-header.php(13): require_once('/var/www/wp-dev...')
#5 /var/www/wp-dev/index.php(17): require('/var/www/wp-dev...')
#6 {main}
  thrown in /var/www/wp-dev/wp-content/themes/rtheme/functions.php on line 17
[26-Jan-2021 19:23:36 UTC] PHP Fatal error:  Uncaught Error: Class 'Rtheme\Inc\Rtheme' not found in /var/www/wp-dev/wp-content/themes/rtheme/functions.php:17
Stack trace:
#0 /var/www/wp-dev/wp-content/themes/rtheme/functions.php(20): rtheme_get_theme_instance()
#1 /var/www/wp-dev/wp-settings.php(525): include('/var/www/wp-dev...')
#2 /var/www/wp-dev/wp-config.php(92): require_once('/var/www/wp-dev...')
#3 /var/www/wp-dev/wp-load.php(37): require_once('/var/www/wp-dev...')
#4 /var/www/wp-dev/wp-blog-header.php(13): require_once('/var/www/wp-dev...')
#5 /var/www/wp-dev/index.php(17): require('/var/www/wp-dev...')
#6 {main}
  thrown in /var/www/wp-dev/wp-content/themes/rtheme/functions.php on line 17
[26-Jan-2021 19:24:46 UTC] PHP Fatal error:  Uncaught Error: Class 'Rtheme\Inc\Rtheme' not found in /var/www/wp-dev/wp-content/themes/rtheme/functions.php:17
Stack trace:
#0 /var/www/wp-dev/wp-content/themes/rtheme/functions.php(20): rtheme_get_theme_instance()
#1 /var/www/wp-dev/wp-settings.php(525): include('/var/www/wp-dev...')
#2 /var/www/wp-dev/wp-config.php(92): require_once('/var/www/wp-dev...')
#3 /var/www/wp-dev/wp-load.php(37): require_once('/var/www/wp-dev...')
#4 /var/www/wp-dev/wp-blog-header.php(13): require_once('/var/www/wp-dev...')
#5 /var/www/wp-dev/index.php(17): require('/var/www/wp-dev...')
#6 {main}
  thrown in /var/www/wp-dev/wp-content/themes/rtheme/functions.php on line 17
[26-Jan-2021 19:25:03 UTC] PHP Warning:  require_once(/var/www/wp-dev/wp-content/themes/rtheme/inc/classes/class-rtheme.php): failed to open stream: No such file or directory in /var/www/wp-dev/wp-content/themes/rtheme/inc/helpers/autoloader.php on line 90
[26-Jan-2021 19:25:03 UTC] PHP Fatal error:  require_once(): Failed opening required '/var/www/wp-dev/wp-content/themes/rtheme/inc/classes/class-rtheme.php' (include_path='.:/usr/share/php') in /var/www/wp-dev/wp-content/themes/rtheme/inc/helpers/autoloader.php on line 90
[26-Jan-2021 19:25:31 UTC] PHP Warning:  require_once(/var/www/wp-dev/wp-content/themes/rtheme/inc/classes/class-rtheme.php): failed to open stream: No such file or directory in /var/www/wp-dev/wp-content/themes/rtheme/inc/helpers/autoloader.php on line 90
[26-Jan-2021 19:25:31 UTC] PHP Fatal error:  require_once(): Failed opening required '/var/www/wp-dev/wp-content/themes/rtheme/inc/classes/class-rtheme.php' (include_path='.:/usr/share/php') in /var/www/wp-dev/wp-content/themes/rtheme/inc/helpers/autoloader.php on line 90
[26-Jan-2021 19:26:06 UTC] PHP Fatal error:  Uncaught Error: Class 'Rtheme\Inc\Rtheme' not found in /var/www/wp-dev/wp-content/themes/rtheme/functions.php:17
Stack trace:
#0 /var/www/wp-dev/wp-content/themes/rtheme/functions.php(20): rtheme_get_theme_instance()
#1 /var/www/wp-dev/wp-settings.php(525): include('/var/www/wp-dev...')
#2 /var/www/wp-dev/wp-config.php(92): require_once('/var/www/wp-dev...')
#3 /var/www/wp-dev/wp-load.php(37): require_once('/var/www/wp-dev...')
#4 /var/www/wp-dev/wp-blog-header.php(13): require_once('/var/www/wp-dev...')
#5 /var/www/wp-dev/index.php(17): require('/var/www/wp-dev...')
#6 {main}
  thrown in /var/www/wp-dev/wp-content/themes/rtheme/functions.php on line 17
[26-Jan-2021 19:26:22 UTC] PHP Fatal error:  Uncaught Error: Class 'Rtheme\Inc\Rtheme' not found in /var/www/wp-dev/wp-content/themes/rtheme/functions.php:17
Stack trace:
#0 /var/www/wp-dev/wp-content/themes/rtheme/functions.php(20): rtheme_get_theme_instance()
#1 /var/www/wp-dev/wp-settings.php(525): include('/var/www/wp-dev...')
#2 /var/www/wp-dev/wp-config.php(92): require_once('/var/www/wp-dev...')
#3 /var/www/wp-dev/wp-load.php(37): require_once('/var/www/wp-dev...')
#4 /var/www/wp-dev/wp-blog-header.php(13): require_once('/var/www/wp-dev...')
#5 /var/www/wp-dev/index.php(17): require('/var/www/wp-dev...')
#6 {main}
  thrown in /var/www/wp-dev/wp-content/themes/rtheme/functions.php on line 17
[26-Jan-2021 19:26:29 UTC] PHP Fatal error:  Uncaught Error: Class 'Rtheme\Inc\Rtheme' not found in /var/www/wp-dev/wp-content/themes/rtheme/functions.php:17
Stack trace:
#0 /var/www/wp-dev/wp-content/themes/rtheme/functions.php(20): rtheme_get_theme_instance()
#1 /var/www/wp-dev/wp-settings.php(525): include('/var/www/wp-dev...')
#2 /var/www/wp-dev/wp-config.php(92): require_once('/var/www/wp-dev...')
#3 /var/www/wp-dev/wp-load.php(37): require_once('/var/www/wp-dev...')
#4 /var/www/wp-dev/wp-blog-header.php(13): require_once('/var/www/wp-dev...')
#5 /var/www/wp-dev/index.php(17): require('/var/www/wp-dev...')
#6 {main}
  thrown in /var/www/wp-dev/wp-content/themes/rtheme/functions.php on line 17
[26-Jan-2021 19:26:38 UTC] PHP Fatal error:  Uncaught Error: Class 'Rtheme\Inc\Rtheme' not found in /var/www/wp-dev/wp-content/themes/rtheme/functions.php:17
Stack trace:
#0 /var/www/wp-dev/wp-content/themes/rtheme/functions.php(20): rtheme_get_theme_instance()
#1 /var/www/wp-dev/wp-settings.php(525): include('/var/www/wp-dev...')
#2 /var/www/wp-dev/wp-config.php(92): require_once('/var/www/wp-dev...')
#3 /var/www/wp-dev/wp-load.php(37): require_once('/var/www/wp-dev...')
#4 /var/www/wp-dev/wp-blog-header.php(13): require_once('/var/www/wp-dev...')
#5 /var/www/wp-dev/index.php(17): require('/var/www/wp-dev...')
#6 {main}
  thrown in /var/www/wp-dev/wp-content/themes/rtheme/functions.php on line 17
[26-Jan-2021 19:27:24 UTC] PHP Fatal error:  Uncaught Error: Class 'Rtheme\Inc\Rtheme' not found in /var/www/wp-dev/wp-content/themes/rtheme/functions.php:17
Stack trace:
#0 /var/www/wp-dev/wp-content/themes/rtheme/functions.php(20): rtheme_get_theme_instance()
#1 /var/www/wp-dev/wp-settings.php(525): include('/var/www/wp-dev...')
#2 /var/www/wp-dev/wp-config.php(92): require_once('/var/www/wp-dev...')
#3 /var/www/wp-dev/wp-load.php(37): require_once('/var/www/wp-dev...')
#4 /var/www/wp-dev/wp-blog-header.php(13): require_once('/var/www/wp-dev...')
#5 /var/www/wp-dev/index.php(17): require('/var/www/wp-dev...')
#6 {main}
  thrown in /var/www/wp-dev/wp-content/themes/rtheme/functions.php on line 17
[26-Jan-2021 19:27:28 UTC] PHP Fatal error:  Uncaught Error: Class 'Rtheme\Inc\Rtheme' not found in /var/www/wp-dev/wp-content/themes/rtheme/functions.php:17
Stack trace:
#0 /var/www/wp-dev/wp-content/themes/rtheme/functions.php(20): rtheme_get_theme_instance()
#1 /var/www/wp-dev/wp-settings.php(525): include('/var/www/wp-dev...')
#2 /var/www/wp-dev/wp-config.php(92): require_once('/var/www/wp-dev...')
#3 /var/www/wp-dev/wp-load.php(37): require_once('/var/www/wp-dev...')
#4 /var/www/wp-dev/wp-blog-header.php(13): require_once('/var/www/wp-dev...')
#5 /var/www/wp-dev/index.php(17): require('/var/www/wp-dev...')
#6 {main}
  thrown in /var/www/wp-dev/wp-content/themes/rtheme/functions.php on line 17
[26-Jan-2021 19:28:06 UTC] PHP Fatal error:  Uncaught Error: Class 'Rtheme\Inc\Rtheme' not found in /var/www/wp-dev/wp-content/themes/rtheme/functions.php:17
Stack trace:
#0 /var/www/wp-dev/wp-content/themes/rtheme/functions.php(20): rtheme_get_theme_instance()
#1 /var/www/wp-dev/wp-settings.php(525): include('/var/www/wp-dev...')
#2 /var/www/wp-dev/wp-config.php(92): require_once('/var/www/wp-dev...')
#3 /var/www/wp-dev/wp-load.php(37): require_once('/var/www/wp-dev...')
#4 /var/www/wp-dev/wp-blog-header.php(13): require_once('/var/www/wp-dev...')
#5 /var/www/wp-dev/index.php(17): require('/var/www/wp-dev...')
#6 {main}
  thrown in /var/www/wp-dev/wp-content/themes/rtheme/functions.php on line 17
[26-Jan-2021 19:28:24 UTC] PHP Fatal error:  Uncaught Error: Class 'Rtheme\Inc\Rtheme' not found in /var/www/wp-dev/wp-content/themes/rtheme/functions.php:17
Stack trace:
#0 /var/www/wp-dev/wp-content/themes/rtheme/functions.php(20): rtheme_get_theme_instance()
#1 /var/www/wp-dev/wp-settings.php(525): include('/var/www/wp-dev...')
#2 /var/www/wp-dev/wp-config.php(92): require_once('/var/www/wp-dev...')
#3 /var/www/wp-dev/wp-load.php(37): require_once('/var/www/wp-dev...')
#4 /var/www/wp-dev/wp-blog-header.php(13): require_once('/var/www/wp-dev...')
#5 /var/www/wp-dev/index.php(17): require('/var/www/wp-dev...')
#6 {main}
  thrown in /var/www/wp-dev/wp-content/themes/rtheme/functions.php on line 17
[26-Jan-2021 19:28:35 UTC] PHP Fatal error:  Uncaught Error: Class 'Rtheme\Inc\Rtheme' not found in /var/www/wp-dev/wp-content/themes/rtheme/functions.php:17
Stack trace:
#0 /var/www/wp-dev/wp-content/themes/rtheme/functions.php(20): rtheme_get_theme_instance()
#1 /var/www/wp-dev/wp-settings.php(525): include('/var/www/wp-dev...')
#2 /var/www/wp-dev/wp-config.php(92): require_once('/var/www/wp-dev...')
#3 /var/www/wp-dev/wp-load.php(37): require_once('/var/www/wp-dev...')
#4 /var/www/wp-dev/wp-blog-header.php(13): require_once('/var/www/wp-dev...')
#5 /var/www/wp-dev/index.php(17): require('/var/www/wp-dev...')
#6 {main}
  thrown in /var/www/wp-dev/wp-content/themes/rtheme/functions.php on line 17
[26-Jan-2021 19:28:40 UTC] PHP Fatal error:  Uncaught Error: Class 'Rtheme\Inc\Rtheme' not found in /var/www/wp-dev/wp-content/themes/rtheme/functions.php:17
Stack trace:
#0 /var/www/wp-dev/wp-content/themes/rtheme/functions.php(20): rtheme_get_theme_instance()
#1 /var/www/wp-dev/wp-settings.php(525): include('/var/www/wp-dev...')
#2 /var/www/wp-dev/wp-config.php(92): require_once('/var/www/wp-dev...')
#3 /var/www/wp-dev/wp-load.php(37): require_once('/var/www/wp-dev...')
#4 /var/www/wp-dev/wp-blog-header.php(13): require_once('/var/www/wp-dev...')
#5 /var/www/wp-dev/index.php(17): require('/var/www/wp-dev...')
#6 {main}
  thrown in /var/www/wp-dev/wp-content/themes/rtheme/functions.php on line 17
[26-Jan-2021 19:28:42 UTC] PHP Fatal error:  Uncaught Error: Class 'Rtheme\Inc\Rtheme' not found in /var/www/wp-dev/wp-content/themes/rtheme/functions.php:17
Stack trace:
#0 /var/www/wp-dev/wp-content/themes/rtheme/functions.php(20): rtheme_get_theme_instance()
#1 /var/www/wp-dev/wp-settings.php(525): include('/var/www/wp-dev...')
#2 /var/www/wp-dev/wp-config.php(92): require_once('/var/www/wp-dev...')
#3 /var/www/wp-dev/wp-load.php(37): require_once('/var/www/wp-dev...')
#4 /var/www/wp-dev/wp-blog-header.php(13): require_once('/var/www/wp-dev...')
#5 /var/www/wp-dev/index.php(17): require('/var/www/wp-dev...')
#6 {main}
  thrown in /var/www/wp-dev/wp-content/themes/rtheme/functions.php on line 17
[26-Jan-2021 19:28:57 UTC] PHP Fatal error:  Uncaught Error: Class 'Rtheme\Inc\Rtheme' not found in /var/www/wp-dev/wp-content/themes/rtheme/functions.php:17
Stack trace:
#0 /var/www/wp-dev/wp-content/themes/rtheme/functions.php(20): rtheme_get_theme_instance()
#1 /var/www/wp-dev/wp-settings.php(525): include('/var/www/wp-dev...')
#2 /var/www/wp-dev/wp-config.php(92): require_once('/var/www/wp-dev...')
#3 /var/www/wp-dev/wp-load.php(37): require_once('/var/www/wp-dev...')
#4 /var/www/wp-dev/wp-blog-header.php(13): require_once('/var/www/wp-dev...')
#5 /var/www/wp-dev/index.php(17): require('/var/www/wp-dev...')
#6 {main}
  thrown in /var/www/wp-dev/wp-content/themes/rtheme/functions.php on line 17
[26-Jan-2021 19:29:49 UTC] PHP Fatal error:  Uncaught Error: Class 'Rtheme\Inc\Rtheme' not found in /var/www/wp-dev/wp-content/themes/rtheme/functions.php:17
Stack trace:
#0 /var/www/wp-dev/wp-content/themes/rtheme/functions.php(20): rtheme_get_theme_instance()
#1 /var/www/wp-dev/wp-settings.php(525): include('/var/www/wp-dev...')
#2 /var/www/wp-dev/wp-config.php(92): require_once('/var/www/wp-dev...')
#3 /var/www/wp-dev/wp-load.php(37): require_once('/var/www/wp-dev...')
#4 /var/www/wp-dev/wp-blog-header.php(13): require_once('/var/www/wp-dev...')
#5 /var/www/wp-dev/index.php(17): require('/var/www/wp-dev...')
#6 {main}
  thrown in /var/www/wp-dev/wp-content/themes/rtheme/functions.php on line 17
[26-Jan-2021 19:30:49 UTC] PHP Fatal error:  Uncaught Error: Class 'Rtheme\Inc\Rtheme' not found in /var/www/wp-dev/wp-content/themes/rtheme/functions.php:17
Stack trace:
#0 /var/www/wp-dev/wp-content/themes/rtheme/functions.php(20): rtheme_get_theme_instance()
#1 /var/www/wp-dev/wp-settings.php(525): include('/var/www/wp-dev...')
#2 /var/www/wp-dev/wp-config.php(92): require_once('/var/www/wp-dev...')
#3 /var/www/wp-dev/wp-load.php(37): require_once('/var/www/wp-dev...')
#4 /var/www/wp-dev/wp-blog-header.php(13): require_once('/var/www/wp-dev...')
#5 /var/www/wp-dev/index.php(17): require('/var/www/wp-dev...')
#6 {main}
  thrown in /var/www/wp-dev/wp-content/themes/rtheme/functions.php on line 17
[26-Jan-2021 19:30:59 UTC] PHP Warning:  require_once(/var/www/wp-dev/wp-content/themes/rtheme/inc/classes/class-rtheme.php): failed to open stream: No such file or directory in /var/www/wp-dev/wp-content/themes/rtheme/inc/helpers/autoloader.php on line 95
[26-Jan-2021 19:30:59 UTC] PHP Fatal error:  require_once(): Failed opening required '/var/www/wp-dev/wp-content/themes/rtheme/inc/classes/class-rtheme.php' (include_path='.:/usr/share/php') in /var/www/wp-dev/wp-content/themes/rtheme/inc/helpers/autoloader.php on line 95
[26-Jan-2021 19:31:20 UTC] PHP Warning:  require_once(/var/www/wp-dev/wp-content/themes/rtheme/inc/classes/class-rtheme.php): failed to open stream: No such file or directory in /var/www/wp-dev/wp-content/themes/rtheme/inc/helpers/autoloader.php on line 95
[26-Jan-2021 19:31:20 UTC] PHP Fatal error:  require_once(): Failed opening required '/var/www/wp-dev/wp-content/themes/rtheme/inc/classes/class-rtheme.php' (include_path='.:/usr/share/php') in /var/www/wp-dev/wp-content/themes/rtheme/inc/helpers/autoloader.php on line 95
[26-Jan-2021 19:31:58 UTC] PHP Warning:  require(/var/www/wp-dev/wp-content/themes/rtheme/inc/classes/class-rtheme.php): failed to open stream: No such file or directory in /var/www/wp-dev/wp-content/themes/rtheme/inc/helpers/autoloader.php on line 95
[26-Jan-2021 19:31:58 UTC] PHP Fatal error:  require(): Failed opening required '/var/www/wp-dev/wp-content/themes/rtheme/inc/classes/class-rtheme.php' (include_path='.:/usr/share/php') in /var/www/wp-dev/wp-content/themes/rtheme/inc/helpers/autoloader.php on line 95
[26-Jan-2021 19:34:02 UTC] PHP Warning:  require_once(0): failed to open stream: No such file or directory in /var/www/wp-dev/wp-content/themes/rtheme/inc/helpers/autoloader.php on line 96
[26-Jan-2021 19:34:02 UTC] PHP Fatal error:  require_once(): Failed opening required '0' (include_path='.:/usr/share/php') in /var/www/wp-dev/wp-content/themes/rtheme/inc/helpers/autoloader.php on line 96
[26-Jan-2021 19:35:08 UTC] PHP Warning:  require_once(0): failed to open stream: No such file or directory in /var/www/wp-dev/wp-content/themes/rtheme/inc/helpers/autoloader.php on line 96
[26-Jan-2021 19:35:08 UTC] PHP Fatal error:  require_once(): Failed opening required '0' (include_path='.:/usr/share/php') in /var/www/wp-dev/wp-content/themes/rtheme/inc/helpers/autoloader.php on line 96
[26-Jan-2021 19:36:02 UTC] PHP Warning:  require_once(0): failed to open stream: No such file or directory in /var/www/wp-dev/wp-content/themes/rtheme/inc/helpers/autoloader.php on line 96
[26-Jan-2021 19:36:02 UTC] PHP Fatal error:  require_once(): Failed opening required '0' (include_path='.:/usr/share/php') in /var/www/wp-dev/wp-content/themes/rtheme/inc/helpers/autoloader.php on line 96
[26-Jan-2021 19:36:46 UTC] PHP Warning:  require_once(/var/www/wp-dev/wp-content/themes/rtheme/inc/classes/class-rtheme.php): failed to open stream: No such file or directory in /var/www/wp-dev/wp-content/themes/rtheme/inc/helpers/autoloader.php on line 95
[26-Jan-2021 19:36:46 UTC] PHP Fatal error:  require_once(): Failed opening required '/var/www/wp-dev/wp-content/themes/rtheme/inc/classes/class-rtheme.php' (include_path='.:/usr/share/php') in /var/www/wp-dev/wp-content/themes/rtheme/inc/helpers/autoloader.php on line 95
[26-Jan-2021 19:37:43 UTC] PHP Warning:  require_once(/var/www/wp-dev/wp-content/themes/rtheme/inc/classes/class-rtheme.php): failed to open stream: No such file or directory in /var/www/wp-dev/wp-content/themes/rtheme/inc/helpers/autoloader.php on line 97
[26-Jan-2021 19:37:43 UTC] PHP Fatal error:  require_once(): Failed opening required '/var/www/wp-dev/wp-content/themes/rtheme/inc/classes/class-rtheme.php' (include_path='.:/usr/share/php') in /var/www/wp-dev/wp-content/themes/rtheme/inc/helpers/autoloader.php on line 97
[26-Jan-2021 19:39:01 UTC] PHP Warning:  require_once(/var/www/wp-dev/wp-content/themes/rtheme/inc/classes/class-rtheme.php): failed to open stream: No such file or directory in /var/www/wp-dev/wp-content/themes/rtheme/inc/helpers/autoloader.php on line 97
[26-Jan-2021 19:39:01 UTC] PHP Fatal error:  require_once(): Failed opening required '/var/www/wp-dev/wp-content/themes/rtheme/inc/classes/class-rtheme.php' (include_path='.:/usr/share/php') in /var/www/wp-dev/wp-content/themes/rtheme/inc/helpers/autoloader.php on line 97
[26-Jan-2021 19:40:30 UTC] PHP Fatal error:  Uncaught Error: Class 'Rtheme\Inc\Rtheme' not found in /var/www/wp-dev/wp-content/themes/rtheme/functions.php:18
Stack trace:
#0 /var/www/wp-dev/wp-content/themes/rtheme/functions.php(21): rtheme_get_theme_instance()
#1 /var/www/wp-dev/wp-settings.php(525): include('/var/www/wp-dev...')
#2 /var/www/wp-dev/wp-config.php(92): require_once('/var/www/wp-dev...')
#3 /var/www/wp-dev/wp-load.php(37): require_once('/var/www/wp-dev...')
#4 /var/www/wp-dev/wp-blog-header.php(13): require_once('/var/www/wp-dev...')
#5 /var/www/wp-dev/index.php(17): require('/var/www/wp-dev...')
#6 {main}
  thrown in /var/www/wp-dev/wp-content/themes/rtheme/functions.php on line 18
[26-Jan-2021 19:55:00 UTC] PHP Fatal error:  Uncaught Error: Class 'Rtheme\Inc\Rtheme' not found in /var/www/wp-dev/wp-content/themes/rtheme/functions.php:18
Stack trace:
#0 /var/www/wp-dev/wp-content/themes/rtheme/functions.php(21): rtheme_get_theme_instance()
#1 /var/www/wp-dev/wp-settings.php(525): include('/var/www/wp-dev...')
#2 /var/www/wp-dev/wp-config.php(92): require_once('/var/www/wp-dev...')
#3 /var/www/wp-dev/wp-load.php(37): require_once('/var/www/wp-dev...')
#4 /var/www/wp-dev/wp-blog-header.php(13): require_once('/var/www/wp-dev...')
#5 /var/www/wp-dev/index.php(17): require('/var/www/wp-dev...')
#6 {main}
  thrown in /var/www/wp-dev/wp-content/themes/rtheme/functions.php on line 18
[26-Jan-2021 19:55:12 UTC] PHP Fatal error:  Uncaught Error: Class 'Rtheme\Inc\Rtheme' not found in /var/www/wp-dev/wp-content/themes/rtheme/functions.php:18
Stack trace:
#0 /var/www/wp-dev/wp-content/themes/rtheme/functions.php(21): rtheme_get_theme_instance()
#1 /var/www/wp-dev/wp-settings.php(525): include('/var/www/wp-dev...')
#2 /var/www/wp-dev/wp-config.php(92): require_once('/var/www/wp-dev...')
#3 /var/www/wp-dev/wp-load.php(37): require_once('/var/www/wp-dev...')
#4 /var/www/wp-dev/wp-blog-header.php(13): require_once('/var/www/wp-dev...')
#5 /var/www/wp-dev/index.php(17): require('/var/www/wp-dev...')
#6 {main}
  thrown in /var/www/wp-dev/wp-content/themes/rtheme/functions.php on line 18
[26-Jan-2021 19:55:35 UTC] PHP Fatal error:  Uncaught Error: Class 'Rtheme' not found in /var/www/wp-dev/wp-content/themes/rtheme/functions.php:18
Stack trace:
#0 /var/www/wp-dev/wp-content/themes/rtheme/functions.php(21): rtheme_get_theme_instance()
#1 /var/www/wp-dev/wp-settings.php(525): include('/var/www/wp-dev...')
#2 /var/www/wp-dev/wp-config.php(92): require_once('/var/www/wp-dev...')
#3 /var/www/wp-dev/wp-load.php(37): require_once('/var/www/wp-dev...')
#4 /var/www/wp-dev/wp-blog-header.php(13): require_once('/var/www/wp-dev...')
#5 /var/www/wp-dev/index.php(17): require('/var/www/wp-dev...')
#6 {main}
  thrown in /var/www/wp-dev/wp-content/themes/rtheme/functions.php on line 18
[26-Jan-2021 19:55:51 UTC] PHP Fatal error:  Uncaught Error: Class 'Rtheme\Inc\Rtheme' not found in /var/www/wp-dev/wp-content/themes/rtheme/functions.php:18
Stack trace:
#0 /var/www/wp-dev/wp-content/themes/rtheme/functions.php(21): rtheme_get_theme_instance()
#1 /var/www/wp-dev/wp-settings.php(525): include('/var/www/wp-dev...')
#2 /var/www/wp-dev/wp-config.php(92): require_once('/var/www/wp-dev...')
#3 /var/www/wp-dev/wp-load.php(37): require_once('/var/www/wp-dev...')
#4 /var/www/wp-dev/wp-blog-header.php(13): require_once('/var/www/wp-dev...')
#5 /var/www/wp-dev/index.php(17): require('/var/www/wp-dev...')
#6 {main}
  thrown in /var/www/wp-dev/wp-content/themes/rtheme/functions.php on line 18
[26-Jan-2021 19:57:10 UTC] PHP Fatal error:  Uncaught Error: Class 'Rtheme\Inc\Rtheme' not found in /var/www/wp-dev/wp-content/themes/rtheme/functions.php:18
Stack trace:
#0 /var/www/wp-dev/wp-content/themes/rtheme/functions.php(21): rtheme_get_theme_instance()
#1 /var/www/wp-dev/wp-settings.php(525): include('/var/www/wp-dev...')
#2 /var/www/wp-dev/wp-config.php(92): require_once('/var/www/wp-dev...')
#3 /var/www/wp-dev/wp-load.php(37): require_once('/var/www/wp-dev...')
#4 /var/www/wp-dev/wp-blog-header.php(13): require_once('/var/www/wp-dev...')
#5 /var/www/wp-dev/index.php(17): require('/var/www/wp-dev...')
#6 {main}
  thrown in /var/www/wp-dev/wp-content/themes/rtheme/functions.php on line 18
[26-Jan-2021 20:04:58 UTC] PHP Fatal error:  Uncaught Error: Class 'Rtheme\Rtheme' not found in /var/www/wp-dev/wp-content/themes/rtheme/functions.php:18
Stack trace:
#0 /var/www/wp-dev/wp-content/themes/rtheme/functions.php(21): rtheme_get_theme_instance()
#1 /var/www/wp-dev/wp-settings.php(525): include('/var/www/wp-dev...')
#2 /var/www/wp-dev/wp-config.php(92): require_once('/var/www/wp-dev...')
#3 /var/www/wp-dev/wp-load.php(37): require_once('/var/www/wp-dev...')
#4 /var/www/wp-dev/wp-blog-header.php(13): require_once('/var/www/wp-dev...')
#5 /var/www/wp-dev/index.php(17): require('/var/www/wp-dev...')
#6 {main}
  thrown in /var/www/wp-dev/wp-content/themes/rtheme/functions.php on line 18
[26-Jan-2021 20:14:06 UTC] PHP Warning:  An unexpected error occurred. Something may be wrong with WordPress.org or this server&#8217;s configuration. If you continue to have problems, please try the <a href="https://wordpress.org/support/forums/">support forums</a>. (WordPress could not establish a secure connection to WordPress.org. Please contact your server administrator.) in /var/www/wp-dev/wp-includes/update.php on line 173
[26-Jan-2021 20:14:09 UTC] PHP Warning:  An unexpected error occurred. Something may be wrong with WordPress.org or this server&#8217;s configuration. If you continue to have problems, please try the <a href="https://wordpress.org/support/forums/">support forums</a>. (WordPress could not establish a secure connection to WordPress.org. Please contact your server administrator.) in /var/www/wp-dev/wp-includes/update.php on line 408
[26-Jan-2021 20:14:11 UTC] PHP Warning:  Invalid argument supplied for foreach() in /var/www/wp-dev/wp-includes/update.php on line 419
[26-Jan-2021 20:14:11 UTC] PHP Warning:  Invalid argument supplied for foreach() in /var/www/wp-dev/wp-includes/update.php on line 433
[26-Jan-2021 20:14:11 UTC] PHP Notice:  Undefined index: translations in /var/www/wp-dev/wp-includes/update.php on line 441
[26-Jan-2021 20:14:11 UTC] PHP Warning:  An unexpected error occurred. Something may be wrong with WordPress.org or this server&#8217;s configuration. If you continue to have problems, please try the <a href="https://wordpress.org/support/forums/">support forums</a>. (WordPress could not establish a secure connection to WordPress.org. Please contact your server administrator.) in /var/www/wp-dev/wp-includes/update.php on line 612
[27-Jan-2021 03:18:18 UTC] PHP Warning:  An unexpected error occurred. Something may be wrong with WordPress.org or this server&#8217;s configuration. If you continue to have problems, please try the <a href="https://wordpress.org/support/forums/">support forums</a>. (WordPress could not establish a secure connection to WordPress.org. Please contact your server administrator.) in /var/www/wp-dev/wp-includes/update.php on line 173
[27-Jan-2021 03:18:18 UTC] PHP Warning:  An unexpected error occurred. Something may be wrong with WordPress.org or this server&#8217;s configuration. If you continue to have problems, please try the <a href="https://wordpress.org/support/forums/">support forums</a>. (WordPress could not establish a secure connection to WordPress.org. Please contact your server administrator.) in /var/www/wp-dev/wp-includes/update.php on line 408
[27-Jan-2021 03:18:18 UTC] PHP Warning:  An unexpected error occurred. Something may be wrong with WordPress.org or this server&#8217;s configuration. If you continue to have problems, please try the <a href="https://wordpress.org/support/forums/">support forums</a>. (WordPress could not establish a secure connection to WordPress.org. Please contact your server administrator.) in /var/www/wp-dev/wp-includes/update.php on line 612
[27-Jan-2021 03:23:31 UTC] PHP Warning:  An unexpected error occurred. Something may be wrong with WordPress.org or this server&#8217;s configuration. If you continue to have problems, please try the <a href="https://wordpress.org/support/forums/">support forums</a>. (WordPress could not establish a secure connection to WordPress.org. Please contact your server administrator.) in /var/www/wp-dev/wp-admin/includes/translation-install.php on line 68
[27-Jan-2021 16:12:05 UTC] PHP Warning:  An unexpected error occurred. Something may be wrong with WordPress.org or this server&#8217;s configuration. If you continue to have problems, please try the <a href="https://wordpress.org/support/forums/">support forums</a>. (WordPress could not establish a secure connection to WordPress.org. Please contact your server administrator.) in /var/www/wp-dev/wp-includes/update.php on line 408
[27-Jan-2021 16:12:13 UTC] PHP Warning:  An unexpected error occurred. Something may be wrong with WordPress.org or this server&#8217;s configuration. If you continue to have problems, please try the <a href="https://wordpress.org/support/forums/">support forums</a>. (WordPress could not establish a secure connection to WordPress.org. Please contact your server administrator.) in /var/www/wp-dev/wp-includes/update.php on line 612
[27-Jan-2021 17:38:11 UTC] PHP Notice:  Undefined property: Rtheme\Inc\Menus::$get_menu_id in /var/www/wp-dev/wp-content/themes/rtheme/template-parts/header/nav.php on line 8
[27-Jan-2021 17:39:32 UTC] PHP Notice:  Undefined property: Rtheme\Inc\Menus::$get_menu_id in /var/www/wp-dev/wp-content/themes/rtheme/template-parts/header/nav.php on line 8
[27-Jan-2021 17:40:23 UTC] PHP Notice:  Undefined property: Rtheme\Inc\Menus::$get_menu_id in /var/www/wp-dev/wp-content/themes/rtheme/template-parts/header/nav.php on line 8
[27-Jan-2021 17:42:12 UTC] PHP Notice:  Undefined index: rtheme-header-menu in /var/www/wp-dev/wp-content/themes/rtheme/inc/classes/class-menus.php on line 46
[27-Jan-2021 17:42:37 UTC] PHP Notice:  Undefined index: rtheme-header-menu in /var/www/wp-dev/wp-content/themes/rtheme/inc/classes/class-menus.php on line 46
[27-Jan-2021 17:47:45 UTC] PHP Fatal error:  Uncaught ArgumentCountError: Too few arguments to function Rtheme\Inc\Menus::get_menu_id(), 0 passed in /var/www/wp-dev/wp-content/themes/rtheme/template-parts/header/nav.php on line 8 and exactly 1 expected in /var/www/wp-dev/wp-content/themes/rtheme/inc/classes/class-menus.php:38
Stack trace:
#0 /var/www/wp-dev/wp-content/themes/rtheme/template-parts/header/nav.php(8): Rtheme\Inc\Menus->get_menu_id()
#1 /var/www/wp-dev/wp-includes/template.php(732): require('/var/www/wp-dev...')
#2 /var/www/wp-dev/wp-includes/template.php(676): load_template('/var/www/wp-dev...', false, Array)
#3 /var/www/wp-dev/wp-includes/general-template.php(204): locate_template(Array, true, false, Array)
#4 /var/www/wp-dev/wp-content/themes/rtheme/header.php(26): get_template_part('template-parts/...')
#5 /var/www/wp-dev/wp-includes/template.php(730): require_once('/var/www/wp-dev...')
#6 /var/www/wp-dev/wp-includes/template.php(676): load_template('/var/www/wp-dev...', true, Array)
#7 /var/www/wp-dev/wp-includes/general-template.php(4 in /var/www/wp-dev/wp-content/themes/rtheme/inc/classes/class-menus.php on line 38
[28-Jan-2021 15:40:07 UTC] PHP Warning:  An unexpected error occurred. Something may be wrong with WordPress.org or this server&#8217;s configuration. If you continue to have problems, please try the <a href="https://wordpress.org/support/forums/">support forums</a>. (WordPress could not establish a secure connection to WordPress.org. Please contact your server administrator.) in /var/www/wp-dev/wp-includes/update.php on line 408
[28-Jan-2021 15:40:08 UTC] PHP Warning:  An unexpected error occurred. Something may be wrong with WordPress.org or this server&#8217;s configuration. If you continue to have problems, please try the <a href="https://wordpress.org/support/forums/">support forums</a>. (WordPress could not establish a secure connection to WordPress.org. Please contact your server administrator.) in /var/www/wp-dev/wp-includes/update.php on line 612
[28-Jan-2021 15:40:14 UTC] PHP Warning:  An unexpected error occurred. Something may be wrong with WordPress.org or this server&#8217;s configuration. If you continue to have problems, please try the <a href="https://wordpress.org/support/forums/">support forums</a>. (WordPress could not establish a secure connection to WordPress.org. Please contact your server administrator.) in /var/www/wp-dev/wp-includes/update.php on line 408
[28-Jan-2021 18:57:12 UTC] PHP Fatal error:  Uncaught Error: Call to undefined method Rtheme\Inc\Menus::get_child_menu_items() in /var/www/wp-dev/wp-content/themes/rtheme/template-parts/header/nav.php:34
Stack trace:
#0 /var/www/wp-dev/wp-includes/template.php(732): require()
#1 /var/www/wp-dev/wp-includes/template.php(676): load_template('/var/www/wp-dev...', false, Array)
#2 /var/www/wp-dev/wp-includes/general-template.php(204): locate_template(Array, true, false, Array)
#3 /var/www/wp-dev/wp-content/themes/rtheme/header.php(26): get_template_part('template-parts/...')
#4 /var/www/wp-dev/wp-includes/template.php(730): require_once('/var/www/wp-dev...')
#5 /var/www/wp-dev/wp-includes/template.php(676): load_template('/var/www/wp-dev...', true, Array)
#6 /var/www/wp-dev/wp-includes/general-template.php(48): locate_template(Array, true, true, Array)
#7 /var/www/wp-dev/wp-content/themes/rtheme/index.php(8): get_header()
#8 /var/www/wp-dev/wp-includes/template-loader.php(106): include('/var/www/wp-dev...')
#9 /var/www/wp-dev/wp-blog-header.php(19): require in /var/www/wp-dev/wp-content/themes/rtheme/template-parts/header/nav.php on line 34
